<?xml version="1.0" encoding="utf-8"?><testsuites><testsuite errors="0" failures="0" hostname="" name="pytest" skipped="1" tests="3" time="0.033" timestamp="2020-02-10T17:59:09.038763"><testcase classname="second_test" file="second_test.py" line="13" name="test_1" time="0.000"></testcase><testcase classname="second_test" file="second_test.py" line="17" name="test_2" time="0.001"></testcase><testcase classname="second_test" file="second_test.py" line="22" name="test_3" time="0.001"><skipped message="unconditional skip" type="pytest.skip">second_test.py:23: unconditional skip</skipped></testcase></testsuite></testsuites>
